outputs/logs/manifest-merger-debug-report.txt
-- Merging decision tree log ---
manifest
ADDED from src\main\AndroidManifest.xml:2:1-65:12
INJECTED from src\main\AndroidManifest.xml:2:1-65:12
INJECTED from src\main\AndroidManifest.xml:2:1-65:12
INJECTED from src\main\AndroidManifest.xml:2:1-65:12
INJECTED from src\main\AndroidManifest.xml:2:1-65:12
INJECTED from src\main\AndroidManifest.xml:2:1-65:12
INJECTED from src\main\AndroidManifest.xml:2:1-65:12
	package
		ADDED from src\main\AndroidManifest.xml:4:11-52
		INJECTED from src\main\AndroidManifest.xml
		INJECTED from src\main\AndroidManifest.xml
	android:versionName
		ADDED from src\main\AndroidManifest.xml:6:11-36
		INJECTED from src\main\AndroidManifest.xml
		INJECTED from src\main\AndroidManifest.xml
	xmlns:tools
		ADDED from src\main\AndroidManifest.xml:3:11-57
	xmlns:android
		ADDED from src\main\AndroidManifest.xml:2:11-69
	android:versionCode
		ADDED from src\main\AndroidManifest.xml:5:11-35
		INJECTED from src\main\AndroidManifest.xml
		INJECTED from src\main\AndroidManifest.xml
uses-permission#android.permission.RECEIVE_BOOT_COMPLETED
ADDED from src\main\AndroidManifest.xml:8:3-79
	android:name
		ADDED from src\main\AndroidManifest.xml:8:20-76
application
ADDED from src\main\AndroidManifest.xml:10:3-63:17
	android:extractNativeLibs
		ADDED from src\main\AndroidManifest.xml:13:5-37
	android:label
		ADDED from src\main\AndroidManifest.xml:15:5-37
	android:largeHeap
		ADDED from src\main\AndroidManifest.xml:12:5-29
	android:icon
		ADDED from src\main\AndroidManifest.xml:14:5-41
	android:allowBackup
		ADDED from src\main\AndroidManifest.xml:11:5-31
	android:theme
		ADDED from src\main\AndroidManifest.xml:16:5-41
meta-data#org.firstinspires.latestSupportedControlHubVersion
ADDED from src\main\AndroidManifest.xml:19:5-21:29
	android:value
		ADDED from src\main\AndroidManifest.xml:21:9-26
	android:name
		ADDED from src\main\AndroidManifest.xml:20:9-74
activity#org.firstinspires.ftc.robotcontroller.internal.PermissionValidatorWrapper
ADDED from src\main\AndroidManifest.xml:24:5-35:16
	android:screenOrientation
		ADDED from src\main\AndroidManifest.xml:25:15-51
	android:label
		ADDED from src\main\AndroidManifest.xml:27:15-47
	android:launchMode
		ADDED from src\main\AndroidManifest.xml:28:15-46
	android:configChanges
		ADDED from src\main\AndroidManifest.xml:26:15-61
	android:name
		ADDED from src\main\AndroidManifest.xml:24:15-103
intent-filter#action:name:android.intent.action.MAIN+category:name:android.intent.category.LAUNCHER
ADDED from src\main\AndroidManifest.xml:30:7-33:23
category#android.intent.category.LAUNCHER
ADDED from src\main\AndroidManifest.xml:31:9-69
	android:name
		ADDED from src\main\AndroidManifest.xml:31:19-66
action#android.intent.action.MAIN
ADDED from src\main\AndroidManifest.xml:32:9-61
	android:name
		ADDED from src\main\AndroidManifest.xml:32:17-58
activity#org.firstinspires.ftc.robotcontroller.internal.FtcRobotControllerActivity
ADDED from src\main\AndroidManifest.xml:37:5-56:16
	android:screenOrientation
		ADDED from src\main\AndroidManifest.xml:39:7-43
	android:label
		ADDED from src\main\AndroidManifest.xml:41:7-39
	android:launchMode
		ADDED from src\main\AndroidManifest.xml:42:7-38
	android:configChanges
		ADDED from src\main\AndroidManifest.xml:40:7-53
	android:name
		ADDED from src\main\AndroidManifest.xml:38:7-95
intent-filter#action:name:android.hardware.usb.action.USB_DEVICE_ATTACHED
ADDED from src\main\AndroidManifest.xml:44:7-46:23
action#android.hardware.usb.action.USB_DEVICE_ATTACHED
ADDED from src\main\AndroidManifest.xml:45:9-82
	android:name
		ADDED from src\main\AndroidManifest.xml:45:17-79
meta-data#android.hardware.usb.action.USB_DEVICE_ATTACHED
ADDED from src\main\AndroidManifest.xml:48:7-50:49
	android:resource
		ADDED from src\main\AndroidManifest.xml:50:9-46
	android:name
		ADDED from src\main\AndroidManifest.xml:49:9-71
meta-data#org.firstinspires.main.entry
ADDED from src\main\AndroidManifest.xml:53:7-55:34
	android:value
		ADDED from src\main\AndroidManifest.xml:55:11-31
	android:name
		ADDED from src\main\AndroidManifest.xml:54:11-54
service#com.qualcomm.ftccommon.FtcRobotControllerService
ADDED from src\main\AndroidManifest.xml:59:5-61:32
	android:enabled
		ADDED from src\main\AndroidManifest.xml:61:7-29
	android:name
		ADDED from src\main\AndroidManifest.xml:60:7-70
uses-sdk
INJECTED from src\main\AndroidManifest.xml reason: use-sdk injection requested
INJECTED from src\main\AndroidManifest.xml
INJECTED from src\main\AndroidManifest.xml
INJECTED from src\main\AndroidManifest.xml
INJECTED from src\main\AndroidManifest.xml
	android:targetSdkVersion
		INJECTED from src\main\AndroidManifest.xml
		ADDED from src\main\AndroidManifest.xml
		INJECTED from src\main\AndroidManifest.xml
	android:minSdkVersion
		INJECTED from src\main\AndroidManifest.xml
		ADDED from src\main\AndroidManifest.xml
		INJECTED from src\main\AndroidManifest.xml